\BOOKMARK [1][-]{section.1}{\376\377\225\356\230\230\221\315\217\360\116\016\122\006\147\220}{}% 1
\BOOKMARK [2][-]{subsection.1.1}{\376\377\127\072\146\157\116\016\116\373\122\241}{section.1}% 2
\BOOKMARK [2][-]{subsection.1.2}{\376\377\122\006\225\356\173\126\165\145}{section.1}% 3
\BOOKMARK [1][-]{section.2}{\376\377\152\041\127\213\120\107\213\276\116\016\173\046\123\367}{}% 4
\BOOKMARK [2][-]{subsection.2.1}{\376\377\121\163\225\056\120\107\213\276\123\312\230\316\226\151}{section.2}% 5
\BOOKMARK [2][-]{subsection.2.2}{\376\377\116\073\211\201\173\046\123\367}{section.2}% 6
\BOOKMARK [1][-]{section.3}{\376\377\116\011\176\364\217\320\122\250\133\146\116\016\220\156\205\075\152\041\127\213}{}% 7
\BOOKMARK [2][-]{subsection.3.1}{\376\377\133\374\137\071\060\001\145\340\116\272\147\072\116\016\136\162\142\160\137\071\217\150\217\371}{section.3}% 8
\BOOKMARK [2][-]{subsection.3.2}{\376\377\127\006\147\361\166\356\150\007\116\016\131\032\211\306\176\277\220\156\143\041}{section.3}% 9
\BOOKMARK [2][-]{subsection.3.3}{\376\377\217\336\176\355\145\366\225\364\123\072\225\364\116\016\166\356\150\007\121\375\145\160}{section.3}% 10
\BOOKMARK [1][-]{section.4}{\376\377\154\102\211\343\145\271\154\325\116\016\131\015\163\260\213\276\177\156}{}% 11
\BOOKMARK [2][-]{subsection.4.1}{\376\377\155\367\124\010\154\102\211\343\155\101\172\013}{section.4}% 12
\BOOKMARK [1][-]{section.5}{\376\377\116\224\225\356\176\323\147\234\116\016\211\343\221\312}{}% 13
\BOOKMARK [2][-]{subsection.5.1}{\376\377\000Q\0001\000\040\126\372\133\232\145\271\150\110\116\016\000\040\000Q\0002\000\040\123\125\137\071\117\030\123\026}{section.5}% 14
\BOOKMARK [2][-]{subsection.5.2}{\376\377\000Q\0003\000\040\124\014\147\072\116\011\137\071\116\016\000\040\000Q\0004\000\040\116\011\147\072\124\004\116\000\137\071}{section.5}% 15
\BOOKMARK [2][-]{subsection.5.3}{\376\377\000Q\0005\000\040\116\224\147\072\131\032\137\071\131\032\166\356\150\007\122\006\221\115}{section.5}% 16
\BOOKMARK [1][-]{section.6}{\376\377\145\160\120\074\232\214\213\301\060\001\145\117\141\037\140\047\116\016\217\271\165\114}{}% 17
\BOOKMARK [2][-]{subsection.6.1}{\376\377\116\000\201\364\140\047\060\001\176\246\147\137\116\016\172\063\133\232\140\047}{section.6}% 18
\BOOKMARK [2][-]{subsection.6.2}{\376\377\127\372\176\277\116\016\232\330\230\316\226\151\120\107\213\276}{section.6}% 19
\BOOKMARK [1][-]{section.7}{\376\377\152\041\127\213\213\304\116\367\116\016\145\071\217\333\145\271\124\021}{}% 20
\BOOKMARK [2][-]{subsection.7.1}{\376\377\152\041\127\213\117\030\160\271}{section.7}% 21
\BOOKMARK [2][-]{subsection.7.2}{\376\377\134\100\226\120\116\016\123\357\142\151\134\125\145\271\124\021}{section.7}% 22
\BOOKMARK [1][-]{section.8}{\376\377\176\323\213\272}{}% 23
