$ E:\python\python_benti\python.exe scripts/run_agent_mode.py --mode training_sandbox --max-iterations 4 --problem 00_problem/problem_statement.md
{
  "run_id": "TRAIN-20260528_212202",
  "status": "completed",
  "benchmark": {
    "run_id": "TRAIN-20260528_212202",
    "draft_path": "16_learning/agent_runs/TRAIN-20260528_212202/workspace/09_paper/full_draft.md",
    "draft_status": "existing",
    "gap_count": 5,
    "queue_count": 5,
    "report": "16_learning/agent_runs/TRAIN-20260528_212202/reports/full_gap_report.md"
  },
  "validation": {
    "run_id": "TRAIN-20260528_212202",
    "status": "pass",
    "fail_count": 0,
    "warn_count": 0,
    "issue_count": 0,
    "issues": [],
    "report": "16_learning/agent_runs/TRAIN-20260528_212202/reports/agent_run_validation.md"
  }
}
